<?xml version="1.0" encoding="UTF-8"?>
<testsuite xmlns:xsi="http://www.w3.org/2001/XMLSchema-instance" xsi:noNamespaceSchemaLocation="https://maven.apache.org/surefire/maven-surefire-plugin/xsd/surefire-test-report.xsd" version="3.0.1" name="com.vektr.index.HnswIndexTest" time="0.753" tests="6" errors="0" skipped="0" failures="0">
  <properties>
[...]
</properties>
  <testcase name="search_resultsOrderedByDistance" classname="com.vektr.index.HnswIndexTest" time="0.078">
    <system-out><![CDATA[22:29:28.641 [main] INFO com.vektr.index.HnswIndex -- HnswIndex M=16 ef=200
]]></system-out>
  </testcase>
  <testcase name="search_emptyIndex_returnsEmpty" classname="com.vektr.index.HnswIndexTest" time="0.003">
    <system-out><![CDATA[22:29:28.698 [main] INFO com.vektr.index.HnswIndex -- HnswIndex M=16 ef=200
]]></system-out>
  </testcase>
  <testcase name="recall_atK10_exceeds90pct" classname="com.vektr.index.HnswIndexTest" time="0.66">
    <system-out><![CDATA[22:29:28.701 [main] INFO com.vektr.index.HnswIndex -- HnswIndex M=16 ef=200
Recall@10 over 50 queries: 0.9820
]]></system-out>
  </testcase>
  <testcase name="insert_duplicateId_throws" classname="com.vektr.index.HnswIndexTest" time="0.001">
    <system-out><![CDATA[22:29:29.362 [main] INFO com.vektr.index.HnswIndex -- HnswIndex M=16 ef=200
]]></system-out>
  </testcase>
  <testcase name="search_kLargerThanSize_returnsAll" classname="com.vektr.index.HnswIndexTest" time="0.001">
    <system-out><![CDATA[22:29:29.363 [main] INFO com.vektr.index.HnswIndex -- HnswIndex M=16 ef=200
]]></system-out>
  </testcase>
  <testcase name="insert_singleVector_canBeFound" classname="com.vektr.index.HnswIndexTest" time="0.001">
    <system-out><![CDATA[22:29:29.364 [main] INFO com.vektr.index.HnswIndex -- HnswIndex M=16 ef=200
]]></system-out>
  </testcase>
</testsuite>